<?xml version="1.0" encoding="UTF-8"?>
<testsuite xmlns:xsi="http://www.w3.org/2001/XMLSchema-instance" xsi:noNamespaceSchemaLocation="https://maven.apache.org/surefire/maven-surefire-plugin/xsd/surefire-test-report-3.0.xsd" version="3.0" name="com.iro.labs.inventory.store.WarehouseStoreTest" time="0.064" tests="5" errors="0" skipped="0" failures="0">
  <properties>
[...]
</properties>
  <testcase name="testAddItem" classname="com.iro.labs.inventory.store.WarehouseStoreTest" time="0.006">
    <system-out><![CDATA[2026-06-14 18:29:44.827 [main] DEBUG c.i.l.inventory.store.WarehouseStore - Added item: da053006-ffde-4495-9269-483711fbbf6f
]]></system-out>
  </testcase>
  <testcase name="testFindById" classname="com.iro.labs.inventory.store.WarehouseStoreTest" time="0.005">
    <system-out><![CDATA[2026-06-14 18:29:44.835 [main] DEBUG c.i.l.inventory.store.WarehouseStore - Added item: 55cac83a-3c22-4423-86e0-07a95509e6e3
]]></system-out>
  </testcase>
  <testcase name="testFindByCategory" classname="com.iro.labs.inventory.store.WarehouseStoreTest" time="0.015">
    <system-out><![CDATA[2026-06-14 18:29:44.856 [main] DEBUG c.i.l.inventory.store.WarehouseStore - Added item: 4df743cd-ce61-4d1a-9bd6-33cf1cc3e601
2026-06-14 18:29:44.859 [main] DEBUG c.i.l.inventory.store.WarehouseStore - Added item: c8aae995-0448-45e0-97ff-f241b77eff6b
2026-06-14 18:29:44.860 [main] DEBUG c.i.l.inventory.store.WarehouseStore - Added item: b695a0fb-d688-4fa2-9234-e6a014961c44
]]></system-out>
  </testcase>
  <testcase name="testRemoveItem" classname="com.iro.labs.inventory.store.WarehouseStoreTest" time="0.01">
    <system-out><![CDATA[2026-06-14 18:29:44.869 [main] DEBUG c.i.l.inventory.store.WarehouseStore - Added item: a6d01df7-c443-4c6e-9a80-d869ba8ef0a8
2026-06-14 18:29:44.870 [main] DEBUG c.i.l.inventory.store.WarehouseStore - Removed item with id: a6d01df7-c443-4c6e-9a80-d869ba8ef0a8
]]></system-out>
  </testcase>
  <testcase name="testAddNullItem_ThrowsException" classname="com.iro.labs.inventory.store.WarehouseStoreTest" time="0.004"/>
</testsuite>