<?xml version="1.0" encoding="UTF-8"?>
<testsuite xmlns:xsi="http://www.w3.org/2001/XMLSchema-instance" xsi:noNamespaceSchemaLocation="https://maven.apache.org/surefire/maven-surefire-plugin/xsd/surefire-test-report-3.0.xsd" version="3.0" name="com.iro.labs.banking.service.TransactionServiceTest" time="0.036" tests="5" errors="0" skipped="0" failures="0">
  <properties>
[...]
</properties>
  <testcase name="testNegativeAmountThrowsException" classname="com.iro.labs.banking.service.TransactionServiceTest" time="0.01"/>
  <testcase name="testFraudSuspectedFromAccountThrowsException" classname="com.iro.labs.banking.service.TransactionServiceTest" time="0.004">
    <system-out><![CDATA[2026-06-14 19:41:41.382 [main] DEBUG c.i.l.b.service.TransactionService - Processing transfer from ACC001 to ACC002 for amount 100.00
]]></system-out>
  </testcase>
  <testcase name="testInsufficientFundsThrowsException" classname="com.iro.labs.banking.service.TransactionServiceTest" time="0.005">
    <system-out><![CDATA[2026-06-14 19:41:41.387 [main] DEBUG c.i.l.b.service.TransactionService - Processing transfer from ACC001 to ACC002 for amount 2000.00
]]></system-out>
  </testcase>
  <testcase name="testFraudSuspectedToAccountThrowsException" classname="com.iro.labs.banking.service.TransactionServiceTest" time="0.003">
    <system-out><![CDATA[2026-06-14 19:41:41.394 [main] DEBUG c.i.l.b.service.TransactionService - Processing transfer from ACC001 to ACC002 for amount 100.00
]]></system-out>
  </testcase>
  <testcase name="testSuccessfulTransfer" classname="com.iro.labs.banking.service.TransactionServiceTest" time="0.004">
    <system-out><![CDATA[2026-06-14 19:41:41.399 [main] DEBUG c.i.l.b.service.TransactionService - Processing transfer from ACC001 to ACC002 for amount 200.00
2026-06-14 19:41:41.400 [main] INFO  c.i.l.b.service.TransactionService - Transfer completed. From: ACC001, To: ACC002, Amount: 200.00
]]></system-out>
  </testcase>
</testsuite>